Drill report for /home/ari/SNES_controller_debugger/SNES_controller_debugger_1.kicad_pcb
Created on Mon 07 Aug 2017 06:57:28 PM EEST

Copper Layer Stackup:
    =============================================================
    L1 :  F.Cu                      front
    L2 :  B.Cu                      back


Drill file 'SNES_controller_debugger_1.drl' contains
    plated through holes:
    =============================================================
    T1  0.40mm  0.016"  (31 holes)
    T2  0.50mm  0.020"  (2 holes)  (with 2 slots)
    T3  0.55mm  0.022"  (2 holes)  (with 2 slots)
    T4  1.00mm  0.039"  (22 holes)
    T5  1.10mm  0.043"  (4 holes)
    T6  1.30mm  0.051"  (7 holes)

    Total plated holes count 68


Drill file 'SNES_controller_debugger_1-NPTH.drl' contains
    unplated through holes:
    =============================================================

    Total unplated holes count 0
