Drill report for /home/ari/SNES_controller_debugger/SNES_controller_debugger_1.kicad_pcb
Created on Mon 09 Oct 2017 05:59:43 PM EEST

Copper Layer Stackup:
    =============================================================
    L1 :  F.Cu                      front
    L2 :  B.Cu                      back


Drill file 'SNES_controller_debugger_1.drl' contains
    plated through holes:
    =============================================================
    T1  0.40mm  0.016"  (35 holes)
    T2  0.50mm  0.020"  (4 holes)  (with 2 slots)
    T3  0.55mm  0.022"  (2 holes)  (with 2 slots)
    T4  1.00mm  0.039"  (22 holes)
    T5  1.10mm  0.043"  (4 holes)
    T6  1.30mm  0.051"  (7 holes)
    T7  3.40mm  0.134"  (4 holes)

    Total plated holes count 78


Drill file 'SNES_controller_debugger_1-NPTH.drl' contains
    unplated through holes:
    =============================================================

    Total unplated holes count 0
